14-May-2020 21:28:34.090 [main] DEBUG com.appname.testcases.BaseClass - Fetching the Chrome driver from WebDriverManager.
14-May-2020 21:28:38.840 [main] DEBUG com.appname.testcases.BaseClass - Instantiating the Chrome Driver.
14-May-2020 21:28:40.995 [main] DEBUG com.appname.testcases.BaseClass - The browser window is maximized.
14-May-2020 21:28:41.011 [main] DEBUG com.appname.testcases.BaseClass - Implicit wait is set to 5 seconds for the execution.
14-May-2020 21:28:41.016 [main] DEBUG com.appname.testcases.BaseClass - Explicit wait is set to 10 seconds for the execution.
14-May-2020 21:28:42.995 [main] INFO  com.appname.testcases.SampleClass - Test Case has been executed successfully.
14-May-2020 21:28:45.005 [main] DEBUG com.appname.testcases.BaseClass - Tearing Down the Class.
14-May-2020 21:28:45.005 [main] DEBUG com.appname.testcases.BaseClass - Closing all the opened browsers.
14-May-2020 21:29:16.806 [main] DEBUG com.appname.testcases.BaseClass - Fetching the Chrome driver from WebDriverManager.
14-May-2020 21:29:21.411 [main] DEBUG com.appname.testcases.BaseClass - Instantiating the Chrome Driver.
14-May-2020 21:29:23.546 [main] DEBUG com.appname.testcases.BaseClass - The browser window is maximized.
14-May-2020 21:29:23.555 [main] DEBUG com.appname.testcases.BaseClass - Implicit wait is set to 5 seconds for the execution.
14-May-2020 21:29:23.560 [main] DEBUG com.appname.testcases.BaseClass - Explicit wait is set to 10 seconds for the execution.
14-May-2020 21:29:25.480 [main] INFO  com.appname.testcases.SampleClass - Test Case has been executed successfully.
14-May-2020 21:29:27.491 [main] DEBUG com.appname.testcases.BaseClass - Tearing Down the Class.
14-May-2020 21:29:27.491 [main] DEBUG com.appname.testcases.BaseClass - Closing all the opened browsers.
14-May-2020 22:30:42.810 [main] DEBUG com.appname.testcases.BaseClass - Fetching the Chrome driver from WebDriverManager.
14-May-2020 22:30:48.676 [main] DEBUG com.appname.testcases.BaseClass - Instantiating the Chrome Driver.
14-May-2020 22:30:50.819 [main] DEBUG com.appname.testcases.BaseClass - The browser window is maximized.
14-May-2020 22:30:50.830 [main] DEBUG com.appname.testcases.BaseClass - Implicit wait is set to 5 seconds for the execution.
14-May-2020 22:30:50.836 [main] DEBUG com.appname.testcases.BaseClass - Explicit wait is set to 10 seconds for the execution.
14-May-2020 22:30:54.171 [main] INFO  com.appname.testcases.SampleClass - Test Case has been executed successfully.
14-May-2020 22:30:56.179 [main] DEBUG com.appname.testcases.BaseClass - Tearing Down the Class.
14-May-2020 22:30:56.180 [main] DEBUG com.appname.testcases.BaseClass - Closing all the opened browsers.
